<?xml version="1.0" encoding="UTF-8" ?>
<testsuite tests="1" failures="1" name="ru.ifmo.pp.fgb.MTStressTest" time="0.107" errors="0" skipped="0">
  <properties>
[...]
</properties>
  <testcase classname="ru.ifmo.pp.fgb.MTStressTest" name="testStress" time="0.085">
    <failure type="junit.framework.AssertionFailedError">junit.framework.AssertionFailedError
	at junit.framework.Assert.fail(Assert.java:47)
	at junit.framework.Assert.assertTrue(Assert.java:20)
	at junit.framework.Assert.assertFalse(Assert.java:34)
	at junit.framework.Assert.assertFalse(Assert.java:41)
	at ru.ifmo.pp.fgb.MTStressTest.testStress(MTStressTest.java:49)
</failure>
    <system-out>Thread 2, phase 1: start
Thread 12, phase 1: start
Thread 1, phase 1: start
Thread 13, phase 1: start
Thread 7, phase 1: start
Thread 14, phase 1: start
Thread 15, phase 1: start
Thread 0, phase 1: start
Thread 8, phase 1: start
Thread 9, phase 1: start
Thread 10, phase 1: start
Thread 3, phase 1: start
Thread 11, phase 1: start
Thread 5, phase 1: start
Thread 4, phase 1: start
Thread 6, phase 1: start
</system-out>
    <system-err>junit.framework.AssertionFailedError: expected:&lt;0&gt; but was:&lt;54&gt;
	at junit.framework.Assert.fail(Assert.java:47)
	at junit.framework.Assert.failNotEquals(Assert.java:280)
	at junit.framework.Assert.assertEquals(Assert.java:64)
	at junit.framework.Assert.assertEquals(Assert.java:133)
	at junit.framework.Assert.assertEquals(Assert.java:139)
	at ru.ifmo.pp.fgb.MTStressTest$TestThread.runOperation(MTStressTest.java:108)
	at ru.ifmo.pp.fgb.MTStressTest$TestThread.runPhase(MTStressTest.java:86)
	at ru.ifmo.pp.fgb.MTStressTest$TestThread.run(MTStressTest.java:67)
junit.framework.AssertionFailedError: expected:&lt;0&gt; but was:&lt;97&gt;
	at junit.framework.Assert.fail(Assert.java:47)
	at junit.framework.Assert.failNotEquals(Assert.java:280)
	at junit.framework.Assert.assertEquals(Assert.java:64)
	at junit.framework.Assert.assertEquals(Assert.java:133)
	at junit.framework.Assert.assertEquals(Assert.java:139)
	at ru.ifmo.pp.fgb.MTStressTest$TestThread.runOperation(MTStressTest.java:108)
	at ru.ifmo.pp.fgb.MTStressTest$TestThread.runPhase(MTStressTest.java:86)
	at ru.ifmo.pp.fgb.MTStressTest$TestThread.run(MTStressTest.java:67)
junit.framework.AssertionFailedError: expected:&lt;0&gt; but was:&lt;9&gt;
	at junit.framework.Assert.fail(Assert.java:47)
	at junit.framework.Assert.failNotEquals(Assert.java:280)
	at junit.framework.Assert.assertEquals(Assert.java:64)
	at junit.framework.Assert.assertEquals(Assert.java:133)
	at junit.framework.Assert.assertEquals(Assert.java:139)
	at ru.ifmo.pp.fgb.MTStressTest$TestThread.runOperation(MTStressTest.java:108)
	at ru.ifmo.pp.fgb.MTStressTest$TestThread.runPhase(MTStressTest.java:86)
	at ru.ifmo.pp.fgb.MTStressTest$TestThread.run(MTStressTest.java:67)
junit.framework.AssertionFailedError: expected:&lt;0&gt; but was:&lt;67&gt;
	at junit.framework.Assert.fail(Assert.java:47)
	at junit.framework.Assert.failNotEquals(Assert.java:280)
	at junit.framework.Assert.assertEquals(Assert.java:64)
	at junit.framework.Assert.assertEquals(Assert.java:133)
	at junit.framework.Assert.assertEquals(Assert.java:139)
	at ru.ifmo.pp.fgb.MTStressTest$TestThread.runOperation(MTStressTest.java:108)
	at ru.ifmo.pp.fgb.MTStressTest$TestThread.runPhase(MTStressTest.java:86)
	at ru.ifmo.pp.fgb.MTStressTest$TestThread.run(MTStressTest.java:67)
junit.framework.AssertionFailedError: expected:&lt;0&gt; but was:&lt;31&gt;
	at junit.framework.Assert.fail(Assert.java:47)
	at junit.framework.Assert.failNotEquals(Assert.java:280)
	at junit.framework.Assert.assertEquals(Assert.java:64)
	at junit.framework.Assert.assertEquals(Assert.java:133)
	at junit.framework.Assert.assertEquals(Assert.java:139)
	at ru.ifmo.pp.fgb.MTStressTest$TestThread.runOperation(MTStressTest.java:108)
	at ru.ifmo.pp.fgb.MTStressTest$TestThread.runPhase(MTStressTest.java:86)
	at ru.ifmo.pp.fgb.MTStressTest$TestThread.run(MTStressTest.java:67)
junit.framework.AssertionFailedError: expected:&lt;0&gt; but was:&lt;82&gt;
	at junit.framework.Assert.fail(Assert.java:47)
	at junit.framework.Assert.failNotEquals(Assert.java:280)
	at junit.framework.Assert.assertEquals(Assert.java:64)
	at junit.framework.Assert.assertEquals(Assert.java:133)
	at junit.framework.Assert.assertEquals(Assert.java:139)
	at ru.ifmo.pp.fgb.MTStressTest$TestThread.runOperation(MTStressTest.java:108)
	at ru.ifmo.pp.fgb.MTStressTest$TestThread.runPhase(MTStressTest.java:86)
	at ru.ifmo.pp.fgb.MTStressTest$TestThread.run(MTStressTest.java:67)
junit.framework.AssertionFailedError: expected:&lt;0&gt; but was:&lt;89&gt;
	at junit.framework.Assert.fail(Assert.java:47)
	at junit.framework.Assert.failNotEquals(Assert.java:280)
	at junit.framework.Assert.assertEquals(Assert.java:64)
	at junit.framework.Assert.assertEquals(Assert.java:133)
	at junit.framework.Assert.assertEquals(Assert.java:139)
	at ru.ifmo.pp.fgb.MTStressTest$TestThread.runOperation(MTStressTest.java:108)
	at ru.ifmo.pp.fgb.MTStressTest$TestThread.runPhase(MTStressTest.java:86)
	at ru.ifmo.pp.fgb.MTStressTest$TestThread.run(MTStressTest.java:67)
junit.framework.AssertionFailedError: expected:&lt;0&gt; but was:&lt;42&gt;
	at junit.framework.Assert.fail(Assert.java:47)
	at junit.framework.Assert.failNotEquals(Assert.java:280)
	at junit.framework.Assert.assertEquals(Assert.java:64)
	at junit.framework.Assert.assertEquals(Assert.java:133)
	at junit.framework.Assert.assertEquals(Assert.java:139)
	at ru.ifmo.pp.fgb.MTStressTest$TestThread.runOperation(MTStressTest.java:108)
	at ru.ifmo.pp.fgb.MTStressTest$TestThread.runPhase(MTStressTest.java:86)
	at ru.ifmo.pp.fgb.MTStressTest$TestThread.run(MTStressTest.java:67)
junit.framework.AssertionFailedError: expected:&lt;0&gt; but was:&lt;59&gt;
	at junit.framework.Assert.fail(Assert.java:47)
	at junit.framework.Assert.failNotEquals(Assert.java:280)
	at junit.framework.Assert.assertEquals(Assert.java:64)
	at junit.framework.Assert.assertEquals(Assert.java:133)
	at junit.framework.Assert.assertEquals(Assert.java:139)
	at ru.ifmo.pp.fgb.MTStressTest$TestThread.runOperation(MTStressTest.java:108)
	at ru.ifmo.pp.fgb.MTStressTest$TestThread.runPhase(MTStressTest.java:86)
	at ru.ifmo.pp.fgb.MTStressTest$TestThread.run(MTStressTest.java:67)
junit.framework.AssertionFailedError: expected:&lt;0&gt; but was:&lt;1&gt;
	at junit.framework.Assert.fail(Assert.java:47)
	at junit.framework.Assert.failNotEquals(Assert.java:280)
	at junit.framework.Assert.assertEquals(Assert.java:64)
	at junit.framework.Assert.assertEquals(Assert.java:133)
	at junit.framework.Assert.assertEquals(Assert.java:139)
	at ru.ifmo.pp.fgb.MTStressTest$TestThread.runOperation(MTStressTest.java:108)
	at ru.ifmo.pp.fgb.MTStressTest$TestThread.runPhase(MTStressTest.java:86)
	at ru.ifmo.pp.fgb.MTStressTest$TestThread.run(MTStressTest.java:67)
junit.framework.AssertionFailedError: expected:&lt;0&gt; but was:&lt;91&gt;
	at junit.framework.Assert.fail(Assert.java:47)
	at junit.framework.Assert.failNotEquals(Assert.java:280)
	at junit.framework.Assert.assertEquals(Assert.java:64)
	at junit.framework.Assert.assertEquals(Assert.java:133)
	at junit.framework.Assert.assertEquals(Assert.java:139)
	at ru.ifmo.pp.fgb.MTStressTest$TestThread.runOperation(MTStressTest.java:108)
	at ru.ifmo.pp.fgb.MTStressTest$TestThread.runPhase(MTStressTest.java:86)
	at ru.ifmo.pp.fgb.MTStressTest$TestThread.run(MTStressTest.java:67)
junit.framework.AssertionFailedError: expected:&lt;0&gt; but was:&lt;23&gt;
	at junit.framework.Assert.fail(Assert.java:47)
	at junit.framework.Assert.failNotEquals(Assert.java:280)
	at junit.framework.Assert.assertEquals(Assert.java:64)
	at junit.framework.Assert.assertEquals(Assert.java:133)
	at junit.framework.Assert.assertEquals(Assert.java:139)
	at ru.ifmo.pp.fgb.MTStressTest$TestThread.runOperation(MTStressTest.java:108)
	at ru.ifmo.pp.fgb.MTStressTest$TestThread.runPhase(MTStressTest.java:86)
	at ru.ifmo.pp.fgb.MTStressTest$TestThread.run(MTStressTest.java:67)
junit.framework.AssertionFailedError: expected:&lt;0&gt; but was:&lt;64&gt;
	at junit.framework.Assert.fail(Assert.java:47)
	at junit.framework.Assert.failNotEquals(Assert.java:280)
	at junit.framework.Assert.assertEquals(Assert.java:64)
	at junit.framework.Assert.assertEquals(Assert.java:133)
	at junit.framework.Assert.assertEquals(Assert.java:139)
	at ru.ifmo.pp.fgb.MTStressTest$TestThread.runOperation(MTStressTest.java:108)
	at ru.ifmo.pp.fgb.MTStressTest$TestThread.runPhase(MTStressTest.java:86)
	at ru.ifmo.pp.fgb.MTStressTest$TestThread.run(MTStressTest.java:67)
junit.framework.AssertionFailedError: expected:&lt;0&gt; but was:&lt;55&gt;
	at junit.framework.Assert.fail(Assert.java:47)
	at junit.framework.Assert.failNotEquals(Assert.java:280)
	at junit.framework.Assert.assertEquals(Assert.java:64)
	at junit.framework.Assert.assertEquals(Assert.java:133)
	at junit.framework.Assert.assertEquals(Assert.java:139)
	at ru.ifmo.pp.fgb.MTStressTest$TestThread.runOperation(MTStressTest.java:108)
	at ru.ifmo.pp.fgb.MTStressTest$TestThread.runPhase(MTStressTest.java:86)
	at ru.ifmo.pp.fgb.MTStressTest$TestThread.run(MTStressTest.java:67)
junit.framework.AssertionFailedError: expected:&lt;0&gt; but was:&lt;55&gt;
	at junit.framework.Assert.fail(Assert.java:47)
	at junit.framework.Assert.failNotEquals(Assert.java:280)
	at junit.framework.Assert.assertEquals(Assert.java:64)
	at junit.framework.Assert.assertEquals(Assert.java:133)
	at junit.framework.Assert.assertEquals(Assert.java:139)
	at ru.ifmo.pp.fgb.MTStressTest$TestThread.runOperation(MTStressTest.java:108)
	at ru.ifmo.pp.fgb.MTStressTest$TestThread.runPhase(MTStressTest.java:86)
	at ru.ifmo.pp.fgb.MTStressTest$TestThread.run(MTStressTest.java:67)
</system-err>
  </testcase>
</testsuite>